SECOND ONE:
RS_AS3303>traceroute xe-1-2-0-525.inr-306-sut.berkeley.edu
Translating "xe-1-2-0-525.inr-306-sut.berkeley.edu"...domain server (193.5.23.1) [OK]

Type escape sequence to abort.
Tracing the route to xe-1-2-0-525.inr-306-sut.berkeley.edu (2607:F140:400:A00E::1)

  1 geb-025-tun-ip1.ip6.ip-plus.net (2001:918:CE::24) [AS 65000] 8 msec 8 msec 8 msec
  2 zhb-025-loo191.ip6.ip-plus.net (2001:4D98:A000::2) 12 msec 12 msec 12 msec
  3 inx-015-lo0-0.ip6.ip-plus.net (2001:918:100:D::1) [AS 65000] 12 msec 12 msec 12 msec
  4 10gigabitethernet1-4.core1.zrh1.he.net (2001:7F8:24::AA) 20 msec 12 msec 12 msec
  5 10ge7-17.core1.par2.he.net (2001:470:0:246::1) [AS 6939] 32 msec 24 msec 24 msec
  6 100ge10-1.core1.nyc4.he.net (2001:470:0:33B::1) [AS 6939] 96 msec 100 msec 100 msec
  7 100ge14-2.core1.sjc2.he.net (2001:470:0:36D::1) [AS 6939] 164 msec 164 msec 160 msec
  8 10ge3-3.core1.pao1.he.net (2001:470:0:32::2) [AS 6939] 164 msec 168 msec 176 msec
  9  * 
    svl-hpr--he-peer.cenic.net (2001:468:E00:841::1) 160 msec * 
 10 dc-oak-agg4--paix-px1-10ge-2.cenic.net (2607:F380::118:9A42:FAF0) [AS 2152] 164 msec 164 msec
    dc-oak-agg4--svl-agg4-100ge.cenic.net (2607:F380::118:9A42:E901) 164 msec
 11 2607:F380:1::118:9A43:21F1 [AS 2152] 176 msec 164 msec 164 msec
 12 t2-3.inr-202-reccev.berkeley.edu (2607:F140:FFFF:5::2) [AS 25] 164 msec 164 msec
    t2-3.inr-201-sut.berkeley.edu (2607:F140:FFFF:4::2) 164 msec
 13 xe-1-2-0-525.inr-306-sut.berkeley.edu (2607:F140:400:A00E::1) [AS 25] 164 msec 168 msec 164 msec


 THIRD ONE:

route-views>traceroute xe-1-2-0-525.inr-306-sut.berkeley.edu 
Translating "xe-1-2-0-525.inr-306-sut.berkeley.edu"...domain server (128.223.51.20) [OK]

Type escape sequence to abort.
Tracing the route to xe-1-2-0-525.inr-306-sut.berkeley.edu (2607:F140:400:A00E::1)

  1 vl-51-gw.uoregon.edu (2001:468:D01:33::1) [AS 3582] 49 msec 49 msec 48 msec
  2 2.bundle-ether9.uonet9-gw.uoregon.edu (2001:468:D01:2::9) [AS 3582] 48 msec 49 msec 49 msec
  3 2001:468:D00:537::537:1 [AS 11537] 49 msec 49 msec 49 msec
  4 hpr-lax-hpr2--i2-r&e.cenic.net (2607:F380:1::108:9A41:AC81) [AS 2152] 56 msec 48 msec 50 msec
  5 hpr-svl-hpr3--lax-hpr3-100ge.cenic.net (2607:F380::108:9A41:94A1) [AS 2152] 52 msec 48 msec 56 msec
  6  *  *  * 
  7 t1-3.inr-202-reccev.berkeley.edu (2607:F140:FFFF:31::2) [AS 25] 48 msec 48 msec
    t1-3.inr-201-sut.berkeley.edu (2607:F140:FFFF:30::2) 48 msec
  8 xe-1-2-0-525.inr-306-sut.berkeley.edu (2607:F140:400:A00E::1) [AS 25] 49 msec 49 msec 48 msec


FOURTH:
route-server.east>traceroute xe-1-2-0-525.inr-306-sut.berkeley.edu
Translating "xe-1-2-0-525.inr-306-sut.berkeley.edu"...domain server (207.181.101.4) [OK]

Type escape sequence to abort.
Tracing the route to xe-1-2-0-525.inr-306-sut.berkeley.edu (2607:F140:400:A00E::1)

  1 2001:4C8:F:7::C [AS 15290] 0 msec 0 msec 4 msec
  2 10gigabitethernet1.3.core1.ymq1.he.net (2001:504:2D::18:5) 0 msec 4 msec 0 msec
  3 100ge6-1.core1.tor1.he.net (2001:470:0:2FD::1) [AS 6939] 36 msec 8 msec 16 msec
  4 100ge13-1.core1.chi1.he.net (2001:470:0:2DB::1) [AS 6939] 16 msec 16 msec 24 msec
  5 10ge15-2.core1.den1.he.net (2001:470:0:1AF::2) [AS 6939] 40 msec 44 msec 52 msec
  6 10ge13-1.core1.lax2.he.net (2001:470:0:15D::2) [AS 6939] 72 msec 76 msec 76 msec
  7 100ge2-2.core1.lax1.he.net (2001:470:0:72::1) [AS 6939] 84 msec 76 msec 76 msec
  8  * 
    lax-px1--he-peer.cenic.net (2001:468:E00:801::1) 76 msec * 
  9 dc-svl-agg4--lax-agg6-100ge.cenic.net (2607:F380::118:9A40:B011) [AS 2152] 84 msec 84 msec 84 msec
 10 dc-oak-agg4--svl-agg4-100ge.cenic.net (2607:F380::118:9A42:E901) [AS 2152] 88 msec 84 msec 84 msec
 11 2607:F380:1::118:9A43:21F1 [AS 2152] 84 msec 84 msec 88 msec
 12 t2-3.inr-201-sut.berkeley.edu (2607:F140:FFFF:4::2) [AS 25] 84 msec 84 msec 88 msec
 13 xe-1-2-0-525.inr-306-sut.berkeley.edu (2607:F140:400:A00E::1) [AS 25] 84 msec 88 msec 84 msec


FIFTH ONE:

Tracing the route to xe-1-2-0-525.inr-306-sut.berkeley.edu (10.142.56.1)

  1 toroonxngr00.bb.telus.com (154.11.63.85) [AS 852] 208 msec 0 msec 0 msec
  2  *  *  * 
  3  *  *  * 
  4  *  *  * 
  5  *  *  * 
  6  *  *  * 
  7  *  *  * 
  8  *  *  * 
  9  *  *  * 
 10  *  *  * 
 11  *  *  * 
 12  *  *  * 
 13  *  *  * 
 14  *  *  * 
 15  *  *  * 
 16  *  *  * 
 17  *  *  * 
 18  *  *  * 
 19  *  *  * 
 20  *  *  * 
 21  *  *  * 
 22  *  *  * 
 23  *  *  * 
 24  *  *  * 
 25  *  *  * 
 26  *  *  * 
 27  *  *  * 
 28  *  *  * 
 29  *  *  * 
 30  *  *  *